-- Configuring done (0.1s)
-- Generating done (0.0s)
-- Build files have been written to: C:/Users/takag/InvaderGame/build
[1/3] Building CXX object CMakeFiles\InvaderGame.dir\Game\src\player.cpp.obj
FAILED: CMakeFiles/InvaderGame.dir/Game/src/player.cpp.obj 
C:\PROGRA~2\MICROS~2\18\BUILDT~1\VC\Tools\MSVC\1450~1.357\bin\Hostx86\x86\cl.exe  /nologo /TP  -IC:\Users\takag\InvaderGame\Game\include /DWIN32 /D_WINDOWS /EHsc /Zi /Ob0 /Od /RTC1 -std:c++17 -MDd /W4 /showIncludes /FoCMakeFiles\InvaderGame.dir\Game\src\player.cpp.obj /FdCMakeFiles\InvaderGame.dir\ /FS -c C:\Users\takag\InvaderGame\Game\src\player.cpp
C:\Users\takag\InvaderGame\Game\src\player.cpp(1): warning C4819: ファイルは、現在のコード ページ (932) で表示できない文字を含んでいます。データの損失を防ぐために、ファイルを Unicode 形式で保存してください。
メモ: インクルード ファイル:  C:\Users\takag\InvaderGame\Game\include\player.h
C:\Users\takag\InvaderGame\Game\include\player.h(1): warning C4819: ファイルは、現在のコード ページ (932) で表示できない文字を含んでいます。データの損失を防ぐために、ファイルを Unicode 形式で保存してください。
メモ: インクルード ファイル:   C:\Users\takag\InvaderGame\Game\include\config.h
C:\Users\takag\InvaderGame\Game\include\config.h(1): warning C4819: ファイルは、現在のコード ページ (932) で表示できない文字を含んでいます。データの損失を防ぐために、ファイルを Unicode 形式で保存してください。
メモ: インクルード ファイル:   C:\Users\takag\InvaderGame\Game\include\actor.h
C:\Users\takag\InvaderGame\Game\include\actor.h(1): warning C4819: ファイルは、現在のコード ページ (932) で表示できない文字を含んでいます。データの損失を防ぐために、ファイルを Unicode 形式で保存してください。
メモ: インクルード ファイル:    C:\Users\takag\InvaderGame\Game\include\../../Engine/include/ActorBase.h
C:\Users\takag\InvaderGame\Game\include\../../Engine/include/ActorBase.h(1): warning C4819: ファイルは、現在のコード ページ (932) で表示できない文字を含んでいます。データの損失を防ぐために、ファイルを Unicode 形式で保存してください。
メモ: インクルード ファイル:  C:\Users\takag\InvaderGame\Game\include\renderer.h
C:\Users\takag\InvaderGame\Game\include\renderer.h(1): warning C4819: ファイルは、現在のコード ページ (932) で表示できない文字を含んでいます。データの損失を防ぐために、ファイルを Unicode 形式で保存してください。
メモ: インクルード ファイル:   C:\Program Files (x86)\Windows Kits\10\include\10.0.26100.0\um\windows.h
メモ: インクルード ファイル:    C:\Program Files (x86)\Windows Kits\10\include\10.0.26100.0\shared\winapifamily.h
メモ: インクルード ファイル:     C:\Program Files (x86)\Windows Kits\10\include\10.0.26100.0\shared\winpackagefamily.h
メモ: インクルード ファイル:    C:\Program Files (x86)\Windows Kits\10\include\10.0.26100.0\shared\sdkddkver.h
メモ: インクルード ファイル:    C:\Program Files (x86)\Microsoft Visual Studio\18\BuildTools\VC\Tools\MSVC\14.50.35717\include\excpt.h
メモ: インクルード ファイル:     C:\Program Files (x86)\Microsoft Visual Studio\18\BuildTools\VC\Tools\MSVC\14.50.35717\include\vcruntime.h
メモ: インクルード ファイル:      C:\Program Files (x86)\Microsoft Visual Studio\18\BuildTools\VC\Tools\MSVC\14.50.35717\include\sal.h
メモ: インクルード ファイル:       C:\Program Files (x86)\Microsoft Visual Studio\18\BuildTools\VC\Tools\MSVC\14.50.35717\include\concurrencysal.h
メモ: インクルード ファイル:      C:\Program Files (x86)\Microsoft Visual Studio\18\BuildTools\VC\Tools\MSVC\14.50.35717\include\vadefs.h
メモ: インクルード ファイル:    C:\Program Files (x86)\Microsoft Visual Studio\18\BuildTools\VC\Tools\MSVC\14.50.35717\include\stdarg.h
メモ: インクルード ファイル:    C:\Program Files (x86)\Windows Kits\10\include\10.0.26100.0\shared\windef.h
メモ: インクルード ファイル:     C:\Program Files (x86)\Windows Kits\10\include\10.0.26100.0\shared\minwindef.h
メモ: インクルード ファイル:      C:\Program Files (x86)\Windows Kits\10\include\10.0.26100.0\shared\specstrings.h
メモ: インクルード ファイル:       C:\Program Files (x86)\Windows Kits\10\include\10.0.26100.0\shared\specstrings_strict.h
メモ: インクルード ファイル:        C:\Program Files (x86)\Windows Kits\10\include\10.0.26100.0\shared\specstrings_undef.h
メモ: インクルード ファイル:       C:\Program Files (x86)\Windows Kits\10\include\10.0.26100.0\shared\driverspecs.h
メモ: インクルード ファイル:        C:\Program Files (x86)\Windows Kits\10\include\10.0.26100.0\shared\sdv_driverspecs.h
メモ: インクルード ファイル:      C:\Program Files (x86)\Windows Kits\10\include\10.0.26100.0\um\winnt.h
メモ: インクルード ファイル:       C:\Program Files (x86)\Windows Kits\10\include\10.0.26100.0\ucrt\ctype.h
メモ: インクルード ファイル:        C:\Program Files (x86)\Windows Kits\10\include\10.0.26100.0\ucrt\corecrt.h
メモ: インクルード ファイル:        C:\Program Files (x86)\Windows Kits\10\include\10.0.26100.0\ucrt\corecrt_wctype.h
メモ: インクルード ファイル:       C:\Program Files (x86)\Windows Kits\10\include\10.0.26100.0\shared\kernelspecs.h
メモ: インクルード ファイル:       C:\Program Files (x86)\Windows Kits\10\include\10.0.26100.0\shared\basetsd.h
メモ: インクルード ファイル:       C:\Program Files (x86)\Windows Kits\10\include\10.0.26100.0\shared\guiddef.h
メモ: インクルード ファイル:        C:\Program Files (x86)\Windows Kits\10\include\10.0.26100.0\ucrt\string.h
メモ: インクルード ファイル:         C:\Program Files (x86)\Windows Kits\10\include\10.0.26100.0\ucrt\corecrt_memory.h
メモ: インクルード ファイル:          C:\Program Files (x86)\Windows Kits\10\include\10.0.26100.0\ucrt\corecrt_memcpy_s.h
メモ: インクルード ファイル:           C:\Program Files (x86)\Windows Kits\10\include\10.0.26100.0\ucrt\errno.h
メモ: インクルード ファイル:           C:\Program Files (x86)\Microsoft Visual Studio\18\BuildTools\VC\Tools\MSVC\14.50.35717\include\vcruntime_string.h
メモ: インクルード ファイル:         C:\Program Files (x86)\Windows Kits\10\include\10.0.26100.0\ucrt\corecrt_wstring.h
メモ: インクルード ファイル:       C:\Program Files (x86)\Windows Kits\10\include\10.0.26100.0\shared\pshpack4.h
メモ: インクルード ファイル:       C:\Program Files (x86)\Windows Kits\10\include\10.0.26100.0\shared\poppack.h
メモ: インクルード ファイル:       C:\Program Files (x86)\Windows Kits\10\include\10.0.26100.0\shared\pshpack4.h
メモ: インクルード ファイル:       C:\Program Files (x86)\Windows Kits\10\include\10.0.26100.0\shared\poppack.h
メモ: インクルード ファイル:       C:\Program Files (x86)\Windows Kits\10\include\10.0.26100.0\shared\pshpack4.h
メモ: インクルード ファイル:       C:\Program Files (x86)\Windows Kits\10\include\10.0.26100.0\shared\poppack.h
メモ: インクルード ファイル:       C:\Program Files (x86)\Windows Kits\10\include\10.0.26100.0\shared\pshpack4.h
メモ: インクルード ファイル:       C:\Program Files (x86)\Windows Kits\10\include\10.0.26100.0\shared\pshpack2.h
メモ: インクルード ファイル:       C:\Program Files (x86)\Windows Kits\10\include\10.0.26100.0\shared\poppack.h
メモ: インクルード ファイル:       C:\Program Files (x86)\Windows Kits\10\include\10.0.26100.0\shared\pshpack2.h
メモ: インクルード ファイル:       C:\Program Files (x86)\Windows Kits\10\include\10.0.26100.0\shared\pshpack2.h
メモ: インクルード ファイル:       C:\Program Files (x86)\Windows Kits\10\include\10.0.26100.0\shared\poppack.h
メモ: インクルード ファイル:       C:\Program Files (x86)\Windows Kits\10\include\10.0.26100.0\shared\poppack.h
メモ: インクルード ファイル:       C:\Program Files (x86)\Windows Kits\10\include\10.0.26100.0\shared\pshpack8.h
メモ: インクルード ファイル:       C:\Program Files (x86)\Windows Kits\10\include\10.0.26100.0\shared\poppack.h
メモ: インクルード ファイル:       C:\Program Files (x86)\Windows Kits\10\include\10.0.26100.0\shared\pshpack1.h
メモ: インクルード ファイル:       C:\Program Files (x86)\Windows Kits\10\include\10.0.26100.0\shared\poppack.h
メモ: インクルード ファイル:       C:\Program Files (x86)\Windows Kits\10\include\10.0.26100.0\shared\pshpack1.h
メモ: インクルード ファイル:       C:\Program Files (x86)\Windows Kits\10\include\10.0.26100.0\shared\poppack.h
メモ: インクルード ファイル:       C:\Program Files (x86)\Windows Kits\10\include\10.0.26100.0\shared\poppack.h
メモ: インクルード ファイル:       C:\Program Files (x86)\Windows Kits\10\include\10.0.26100.0\shared\apiset.h
メモ: インクルード ファイル:       C:\Program Files (x86)\Windows Kits\10\include\10.0.26100.0\shared\ktmtypes.h
メモ: インクルード ファイル:    C:\Program Files (x86)\Windows Kits\10\include\10.0.26100.0\um\winbase.h
メモ: インクルード ファイル:     C:\Program Files (x86)\Windows Kits\10\include\10.0.26100.0\shared\apisetcconv.h
メモ: インクルード ファイル:     C:\Program Files (x86)\Windows Kits\10\include\10.0.26100.0\um\minwinbase.h
メモ: インクルード ファイル:     C:\Program Files (x86)\Windows Kits\10\include\10.0.26100.0\um\apiquery2.h
メモ: インクルード ファイル:     C:\Program Files (x86)\Windows Kits\10\include\10.0.26100.0\um\processenv.h
メモ: インクルード ファイル:     C:\Program Files (x86)\Windows Kits\10\include\10.0.26100.0\um\fileapifromapp.h
メモ: インクルード ファイル:      C:\Program Files (x86)\Windows Kits\10\include\10.0.26100.0\um\fileapi.h
メモ: インクルード ファイル:     C:\Program Files (x86)\Windows Kits\10\include\10.0.26100.0\um\debugapi.h
メモ: インクルード ファイル:     C:\Program Files (x86)\Windows Kits\10\include\10.0.26100.0\um\utilapiset.h
メモ: インクルード ファイル:     C:\Program Files (x86)\Windows Kits\10\include\10.0.26100.0\um\handleapi.h
メモ: インクルード ファイル:     C:\Program Files (x86)\Windows Kits\10\include\10.0.26100.0\um\errhandlingapi.h
メモ: インクルード ファイル:     C:\Program Files (x86)\Windows Kits\10\include\10.0.26100.0\um\fibersapi.h
メモ: インクルード ファイル:     C:\Program Files (x86)\Windows Kits\10\include\10.0.26100.0\um\namedpipeapi.h
メモ: インクルード ファイル:     C:\Program Files (x86)\Windows Kits\10\include\10.0.26100.0\um\profileapi.h
メモ: インクルード ファイル:     C:\Program Files (x86)\Windows Kits\10\include\10.0.26100.0\um\heapapi.h
メモ: インクルード ファイル:     C:\Program Files (x86)\Windows Kits\10\include\10.0.26100.0\um\ioapiset.h
メモ: インクルード ファイル:     C:\Program Files (x86)\Windows Kits\10\include\10.0.26100.0\um\synchapi.h
メモ: インクルード ファイル:     C:\Program Files (x86)\Windows Kits\10\include\10.0.26100.0\um\interlockedapi.h
メモ: インクルード ファイル:     C:\Program Files (x86)\Windows Kits\10\include\10.0.26100.0\um\processthreadsapi.h
メモ: インクルード ファイル:     C:\Program Files (x86)\Windows Kits\10\include\10.0.26100.0\um\sysinfoapi.h
メモ: インクルード ファイル:     C:\Program Files (x86)\Windows Kits\10\include\10.0.26100.0\um\memoryapi.h
メモ: インクルード ファイル:     C:\Program Files (x86)\Windows Kits\10\include\10.0.26100.0\um\enclaveapi.h
メモ: インクルード ファイル:     C:\Program Files (x86)\Windows Kits\10\include\10.0.26100.0\um\threadpoollegacyapiset.h
メモ: インクルード ファイル:     C:\Program Files (x86)\Windows Kits\10\include\10.0.26100.0\um\threadpoolapiset.h
メモ: インクルード ファイル:     C:\Program Files (x86)\Windows Kits\10\include\10.0.26100.0\um\jobapi.h
メモ: インクルード ファイル:     C:\Program Files (x86)\Windows Kits\10\include\10.0.26100.0\um\jobapi2.h
メモ: インクルード ファイル:     C:\Program Files (x86)\Windows Kits\10\include\10.0.26100.0\um\wow64apiset.h
メモ: インクルード ファイル:     C:\Program Files (x86)\Windows Kits\10\include\10.0.26100.0\um\libloaderapi.h
メモ: インクルード ファイル:     C:\Program Files (x86)\Windows Kits\10\include\10.0.26100.0\um\securitybaseapi.h
メモ: インクルード ファイル:     C:\Program Files (x86)\Windows Kits\10\include\10.0.26100.0\um\namespaceapi.h
メモ: インクルード ファイル:     C:\Program Files (x86)\Windows Kits\10\include\10.0.26100.0\um\systemtopologyapi.h
メモ: インクルード ファイル:     C:\Program Files (x86)\Windows Kits\10\include\10.0.26100.0\um\processtopologyapi.h
メモ: インクルード ファイル:     C:\Program Files (x86)\Windows Kits\10\include\10.0.26100.0\um\securityappcontainer.h
メモ: インクルード ファイル:     C:\Program Files (x86)\Windows Kits\10\include\10.0.26100.0\um\realtimeapiset.h
メモ: インクルード ファイル:     C:\Program Files (x86)\Windows Kits\10\include\10.0.26100.0\shared\winerror.h
メモ: インクルード ファイル:     C:\Program Files (x86)\Windows Kits\10\include\10.0.26100.0\um\timezoneapi.h
メモ: インクルード ファイル:    C:\Program Files (x86)\Windows Kits\10\include\10.0.26100.0\um\wingdi.h
メモ: インクルード ファイル:     C:\Program Files (x86)\Windows Kits\10\include\10.0.26100.0\shared\pshpack1.h
メモ: インクルード ファイル:     C:\Program Files (x86)\Windows Kits\10\include\10.0.26100.0\shared\poppack.h
メモ: インクルード ファイル:     C:\Program Files (x86)\Windows Kits\10\include\10.0.26100.0\shared\pshpack2.h
メモ: インクルード ファイル:     C:\Program Files (x86)\Windows Kits\10\include\10.0.26100.0\shared\poppack.h
メモ: インクルード ファイル:     C:\Program Files (x86)\Windows Kits\10\include\10.0.26100.0\shared\pshpack2.h
メモ: インクルード ファイル:     C:\Program Files (x86)\Windows Kits\10\include\10.0.26100.0\shared\poppack.h
メモ: インクルード ファイル:     C:\Program Files (x86)\Windows Kits\10\include\10.0.26100.0\shared\pshpack4.h
メモ: インクルード ファイル:     C:\Program Files (x86)\Windows Kits\10\include\10.0.26100.0\shared\poppack.h
メモ: インクルード ファイル:     C:\Program Files (x86)\Windows Kits\10\include\10.0.26100.0\shared\pshpack4.h
メモ: インクルード ファイル:     C:\Program Files (x86)\Windows Kits\10\include\10.0.26100.0\shared\poppack.h
メモ: インクルード ファイル:    C:\Program Files (x86)\Windows Kits\10\include\10.0.26100.0\um\winuser.h
メモ: インクルード ファイル:     C:\Program Files (x86)\Windows Kits\10\include\10.0.26100.0\shared\pshpack2.h
メモ: インクルード ファイル:     C:\Program Files (x86)\Windows Kits\10\include\10.0.26100.0\shared\poppack.h
メモ: インクルード ファイル:     C:\Program Files (x86)\Windows Kits\10\include\10.0.26100.0\shared\tvout.h
メモ: インクルード ファイル:    C:\Program Files (x86)\Windows Kits\10\include\10.0.26100.0\um\winnls.h
メモ: インクルード ファイル:     C:\Program Files (x86)\Windows Kits\10\include\10.0.26100.0\um\datetimeapi.h
メモ: インクルード ファイル:     C:\Program Files (x86)\Windows Kits\10\include\10.0.26100.0\um\stringapiset.h
メモ: インクルード ファイル:      C:\Program Files (x86)\Windows Kits\10\include\10.0.26100.0\um\winnls.h
メモ: インクルード ファイル:    C:\Program Files (x86)\Windows Kits\10\include\10.0.26100.0\um\wincon.h
メモ: インクルード ファイル:     C:\Program Files (x86)\Windows Kits\10\include\10.0.26100.0\um\wincontypes.h
メモ: インクルード ファイル:     C:\Program Files (x86)\Windows Kits\10\include\10.0.26100.0\um\consoleapi.h
メモ: インクルード ファイル:     C:\Program Files (x86)\Windows Kits\10\include\10.0.26100.0\um\consoleapi2.h
メモ: インクルード ファイル:     C:\Program Files (x86)\Windows Kits\10\include\10.0.26100.0\um\consoleapi3.h
メモ: インクルード ファイル:    C:\Program Files (x86)\Windows Kits\10\include\10.0.26100.0\um\winver.h
メモ: インクルード ファイル:     C:\Program Files (x86)\Windows Kits\10\include\10.0.26100.0\um\verrsrc.h
メモ: インクルード ファイル:    C:\Program Files (x86)\Windows Kits\10\include\10.0.26100.0\um\winreg.h
メモ: インクルード ファイル:     C:\Program Files (x86)\Windows Kits\10\include\10.0.26100.0\um\reason.h
メモ: インクルード ファイル:    C:\Program Files (x86)\Windows Kits\10\include\10.0.26100.0\um\winnetwk.h
メモ: インクルード ファイル:     C:\Program Files (x86)\Windows Kits\10\include\10.0.26100.0\shared\wnnc.h
メモ: インクルード ファイル:    C:\Program Files (x86)\Windows Kits\10\include\10.0.26100.0\shared\cderr.h
メモ: インクルード ファイル:    C:\Program Files (x86)\Windows Kits\10\include\10.0.26100.0\um\dde.h
メモ: インクルード ファイル:    C:\Program Files (x86)\Windows Kits\10\include\10.0.26100.0\um\ddeml.h
メモ: インクルード ファイル:    C:\Program Files (x86)\Windows Kits\10\include\10.0.26100.0\um\dlgs.h
メモ: インクルード ファイル:    C:\Program Files (x86)\Windows Kits\10\include\10.0.26100.0\um\lzexpand.h
メモ: インクルード ファイル:    C:\Program Files (x86)\Windows Kits\10\include\10.0.26100.0\um\mmsystem.h
メモ: インクルード ファイル:     C:\Program Files (x86)\Windows Kits\10\include\10.0.26100.0\um\mmsyscom.h
メモ: インクルード ファイル:      C:\Program Files (x86)\Windows Kits\10\include\10.0.26100.0\shared\pshpack1.h
メモ: インクルード ファイル:      C:\Program Files (x86)\Windows Kits\10\include\10.0.26100.0\shared\poppack.h
メモ: インクルード ファイル:     C:\Program Files (x86)\Windows Kits\10\include\10.0.26100.0\shared\pshpack1.h
メモ: インクルード ファイル:     C:\Program Files (x86)\Windows Kits\10\include\10.0.26100.0\um\mciapi.h
メモ: インクルード ファイル:      C:\Program Files (x86)\Windows Kits\10\include\10.0.26100.0\um\mmsyscom.h
メモ: インクルード ファイル:     C:\Program Files (x86)\Windows Kits\10\include\10.0.26100.0\um\mmiscapi.h
メモ: インクルード ファイル:      C:\Program Files (x86)\Windows Kits\10\include\10.0.26100.0\um\mmsyscom.h
メモ: インクルード ファイル:     C:\Program Files (x86)\Windows Kits\10\include\10.0.26100.0\um\mmiscapi2.h
メモ: インクルード ファイル:      C:\Program Files (x86)\Windows Kits\10\include\10.0.26100.0\um\mmsyscom.h
メモ: インクルード ファイル:     C:\Program Files (x86)\Windows Kits\10\include\10.0.26100.0\um\playsoundapi.h
メモ: インクルード ファイル:      C:\Program Files (x86)\Windows Kits\10\include\10.0.26100.0\um\mmsyscom.h
メモ: インクルード ファイル:     C:\Program Files (x86)\Windows Kits\10\include\10.0.26100.0\um\mmeapi.h
メモ: インクルード ファイル:      C:\Program Files (x86)\Windows Kits\10\include\10.0.26100.0\um\mmsyscom.h
メモ: インクルード ファイル:     C:\Program Files (x86)\Windows Kits\10\include\10.0.26100.0\um\timeapi.h
メモ: インクルード ファイル:      C:\Program Files (x86)\Windows Kits\10\include\10.0.26100.0\um\mmsyscom.h
メモ: インクルード ファイル:     C:\Program Files (x86)\Windows Kits\10\include\10.0.26100.0\um\joystickapi.h
メモ: インクルード ファイル:      C:\Program Files (x86)\Windows Kits\10\include\10.0.26100.0\um\mmsyscom.h
メモ: インクルード ファイル:     C:\Program Files (x86)\Windows Kits\10\include\10.0.26100.0\shared\poppack.h
メモ: インクルード ファイル:    C:\Program Files (x86)\Windows Kits\10\include\10.0.26100.0\um\nb30.h
メモ: インクルード ファイル:    C:\Program Files (x86)\Windows Kits\10\include\10.0.26100.0\shared\rpc.h
メモ: インクルード ファイル:     C:\Program Files (x86)\Windows Kits\10\include\10.0.26100.0\shared\rpcdce.h
メモ: インクルード ファイル:      C:\Program Files (x86)\Windows Kits\10\include\10.0.26100.0\shared\rpcdcep.h
メモ: インクルード ファイル:     C:\Program Files (x86)\Windows Kits\10\include\10.0.26100.0\um\rpcnsi.h
メモ: インクルード ファイル:     C:\Program Files (x86)\Windows Kits\10\include\10.0.26100.0\shared\rpcnterr.h
メモ: インクルード ファイル:     C:\Program Files (x86)\Windows Kits\10\include\10.0.26100.0\shared\rpcasync.h
メモ: インクルード ファイル:    C:\Program Files (x86)\Windows Kits\10\include\10.0.26100.0\um\shellapi.h
メモ: インクルード ファイル:     C:\Program Files (x86)\Windows Kits\10\include\10.0.26100.0\shared\pshpack1.h
メモ: インクルード ファイル:     C:\Program Files (x86)\Windows Kits\10\include\10.0.26100.0\shared\poppack.h
メモ: インクルード ファイル:    C:\Program Files (x86)\Windows Kits\10\include\10.0.26100.0\um\winperf.h
メモ: インクルード ファイル:     C:\Program Files (x86)\Windows Kits\10\include\10.0.26100.0\shared\pshpack8.h
メモ: インクルード ファイル:     C:\Program Files (x86)\Windows Kits\10\include\10.0.26100.0\shared\poppack.h
メモ: インクルード ファイル:    C:\Program Files (x86)\Windows Kits\10\include\10.0.26100.0\um\winsock.h
メモ: インクルード ファイル:     C:\Program Files (x86)\Windows Kits\10\include\10.0.26100.0\shared\inaddr.h
メモ: インクルード ファイル:    C:\Program Files (x86)\Windows Kits\10\include\10.0.26100.0\um\wincrypt.h
メモ: インクルード ファイル:     C:\Program Files (x86)\Windows Kits\10\include\10.0.26100.0\shared\bcrypt.h
メモ: インクルード ファイル:     C:\Program Files (x86)\Windows Kits\10\include\10.0.26100.0\um\ncrypt.h
メモ: インクルード ファイル:     C:\Program Files (x86)\Windows Kits\10\include\10.0.26100.0\um\dpapi.h
メモ: インクルード ファイル:    C:\Program Files (x86)\Windows Kits\10\include\10.0.26100.0\um\winefs.h
メモ: インクルード ファイル:    C:\Program Files (x86)\Windows Kits\10\include\10.0.26100.0\um\winscard.h
メモ: インクルード ファイル:     C:\Program Files (x86)\Windows Kits\10\include\10.0.26100.0\shared\wtypes.h
メモ: インクルード ファイル:      C:\Program Files (x86)\Windows Kits\10\include\10.0.26100.0\shared\rpcndr.h
メモ: インクルード ファイル:       C:\Program Files (x86)\Windows Kits\10\include\10.0.26100.0\shared\pshpack8.h
メモ: インクルード ファイル:       C:\Program Files (x86)\Windows Kits\10\include\10.0.26100.0\um\rpcnsip.h
メモ: インクルード ファイル:       C:\Program Files (x86)\Windows Kits\10\include\10.0.26100.0\shared\rpcsal.h
メモ: インクルード ファイル:       C:\Program Files (x86)\Windows Kits\10\include\10.0.26100.0\shared\poppack.h
メモ: インクルード ファイル:      C:\Program Files (x86)\Windows Kits\10\include\10.0.26100.0\shared\wtypesbase.h
メモ: インクルード ファイル:       C:\Program Files (x86)\Windows Kits\10\include\10.0.26100.0\shared\guiddef.h
メモ: インクルード ファイル:     C:\Program Files (x86)\Windows Kits\10\include\10.0.26100.0\um\winioctl.h
メモ: インクルード ファイル:      C:\Program Files (x86)\Windows Kits\10\include\10.0.26100.0\shared\pshpack1.h
メモ: インクルード ファイル:      C:\Program Files (x86)\Windows Kits\10\include\10.0.26100.0\shared\poppack.h
メモ: インクルード ファイル:      C:\Program Files (x86)\Windows Kits\10\include\10.0.26100.0\shared\pshpack1.h
メモ: インクルード ファイル:      C:\Program Files (x86)\Windows Kits\10\include\10.0.26100.0\shared\poppack.h
メモ: インクルード ファイル:      C:\Program Files (x86)\Windows Kits\10\include\10.0.26100.0\shared\pshpack1.h
メモ: インクルード ファイル:      C:\Program Files (x86)\Windows Kits\10\include\10.0.26100.0\shared\poppack.h
メモ: インクルード ファイル:      C:\Program Files (x86)\Windows Kits\10\include\10.0.26100.0\shared\pshpack1.h
メモ: インクルード ファイル:      C:\Program Files (x86)\Windows Kits\10\include\10.0.26100.0\shared\poppack.h
メモ: インクルード ファイル:      C:\Program Files (x86)\Windows Kits\10\include\10.0.26100.0\shared\pshpack1.h
メモ: インクルード ファイル:      C:\Program Files (x86)\Windows Kits\10\include\10.0.26100.0\shared\poppack.h
メモ: インクルード ファイル:      C:\Program Files (x86)\Windows Kits\10\include\10.0.26100.0\shared\pshpack1.h
メモ: インクルード ファイル:      C:\Program Files (x86)\Windows Kits\10\include\10.0.26100.0\shared\poppack.h
メモ: インクルード ファイル:      C:\Program Files (x86)\Windows Kits\10\include\10.0.26100.0\shared\pshpack1.h
メモ: インクルード ファイル:      C:\Program Files (x86)\Windows Kits\10\include\10.0.26100.0\shared\poppack.h
メモ: インクルード ファイル:     C:\Program Files (x86)\Windows Kits\10\include\10.0.26100.0\shared\winsmcrd.h
メモ: インクルード ファイル:    C:\Program Files (x86)\Windows Kits\10\include\10.0.26100.0\um\winspool.h
メモ: インクルード ファイル:     C:\Program Files (x86)\Windows Kits\10\include\10.0.26100.0\um\prsht.h
メモ: インクルード ファイル:      C:\Program Files (x86)\Windows Kits\10\include\10.0.26100.0\shared\pshpack4.h
メモ: インクルード ファイル:      C:\Program Files (x86)\Windows Kits\10\include\10.0.26100.0\shared\poppack.h
メモ: インクルード ファイル:    C:\Program Files (x86)\Windows Kits\10\include\10.0.26100.0\um\ole2.h
メモ: インクルード ファイル:     C:\Program Files (x86)\Windows Kits\10\include\10.0.26100.0\shared\pshpack8.h
メモ: インクルード ファイル:     C:\Program Files (x86)\Windows Kits\10\include\10.0.26100.0\um\objbase.h
メモ: インクルード ファイル:      C:\Program Files (x86)\Windows Kits\10\include\10.0.26100.0\shared\pshpack8.h
メモ: インクルード ファイル:      C:\Program Files (x86)\Windows Kits\10\include\10.0.26100.0\um\combaseapi.h
メモ: インクルード ファイル:       C:\Program Files (x86)\Windows Kits\10\include\10.0.26100.0\shared\pshpack8.h
メモ: インクルード ファイル:       C:\Program Files (x86)\Windows Kits\10\include\10.0.26100.0\ucrt\stdlib.h
メモ: インクルード ファイル:        C:\Program Files (x86)\Windows Kits\10\include\10.0.26100.0\ucrt\corecrt_malloc.h
メモ: インクルード ファイル:        C:\Program Files (x86)\Windows Kits\10\include\10.0.26100.0\ucrt\corecrt_search.h
メモ: インクルード ファイル:         C:\Program Files (x86)\Windows Kits\10\include\10.0.26100.0\ucrt\stddef.h
メモ: インクルード ファイル:        C:\Program Files (x86)\Windows Kits\10\include\10.0.26100.0\ucrt\corecrt_wstdlib.h
メモ: インクルード ファイル:        C:\Program Files (x86)\Microsoft Visual Studio\18\BuildTools\VC\Tools\MSVC\14.50.35717\include\limits.h
メモ: インクルード ファイル:       C:\Program Files (x86)\Windows Kits\10\include\10.0.26100.0\um\unknwnbase.h
メモ: インクルード ファイル:       C:\Program Files (x86)\Windows Kits\10\include\10.0.26100.0\um\objidlbase.h
メモ: インクルード ファイル:       C:\Program Files (x86)\Windows Kits\10\include\10.0.26100.0\shared\guiddef.h
メモ: インクルード ファイル:       C:\Program Files (x86)\Windows Kits\10\include\10.0.26100.0\um\cguid.h
メモ: インクルード ファイル:       C:\Program Files (x86)\Windows Kits\10\include\10.0.26100.0\shared\poppack.h
メモ: インクルード ファイル:      C:\Program Files (x86)\Windows Kits\10\include\10.0.26100.0\um\coml2api.h
メモ: インクルード ファイル:       C:\Program Files (x86)\Windows Kits\10\include\10.0.26100.0\um\objidl.h
メモ: インクルード ファイル:        C:\Program Files (x86)\Windows Kits\10\include\10.0.26100.0\um\unknwn.h
メモ: インクルード ファイル:       C:\Program Files (x86)\Windows Kits\10\include\10.0.26100.0\um\propidlbase.h
メモ: インクルード ファイル:        C:\Program Files (x86)\Windows Kits\10\include\10.0.26100.0\um\oaidl.h
メモ: インクルード ファイル:      C:\Program Files (x86)\Windows Kits\10\include\10.0.26100.0\um\urlmon.h
メモ: インクルード ファイル:       C:\Program Files (x86)\Windows Kits\10\include\10.0.26100.0\um\oleidl.h
メモ: インクルード ファイル:       C:\Program Files (x86)\Windows Kits\10\include\10.0.26100.0\um\servprov.h
メモ: インクルード ファイル:       C:\Program Files (x86)\Windows Kits\10\include\10.0.26100.0\um\msxml.h
メモ: インクルード ファイル:      C:\Program Files (x86)\Windows Kits\10\include\10.0.26100.0\um\propidl.h
メモ: インクルード ファイル:      C:\Program Files (x86)\Windows Kits\10\include\10.0.26100.0\shared\poppack.h
メモ: インクルード ファイル:     C:\Program Files (x86)\Windows Kits\10\include\10.0.26100.0\um\oleauto.h
メモ: インクルード ファイル:      C:\Program Files (x86)\Windows Kits\10\include\10.0.26100.0\shared\pshpack8.h
メモ: インクルード ファイル:      C:\Program Files (x86)\Windows Kits\10\include\10.0.26100.0\shared\poppack.h
メモ: インクルード ファイル:     C:\Program Files (x86)\Windows Kits\10\include\10.0.26100.0\shared\poppack.h
メモ: インクルード ファイル:    C:\Program Files (x86)\Windows Kits\10\include\10.0.26100.0\um\commdlg.h
メモ: インクルード ファイル:     C:\Program Files (x86)\Windows Kits\10\include\10.0.26100.0\um\prsht.h
メモ: インクルード ファイル:     C:\Program Files (x86)\Windows Kits\10\include\10.0.26100.0\shared\pshpack1.h
メモ: インクルード ファイル:     C:\Program Files (x86)\Windows Kits\10\include\10.0.26100.0\shared\poppack.h
メモ: インクルード ファイル:    C:\Program Files (x86)\Windows Kits\10\include\10.0.26100.0\shared\stralign.h
メモ: インクルード ファイル:    C:\Program Files (x86)\Windows Kits\10\include\10.0.26100.0\um\winsvc.h
メモ: インクルード ファイル:    C:\Program Files (x86)\Windows Kits\10\include\10.0.26100.0\um\mcx.h
メモ: インクルード ファイル:    C:\Program Files (x86)\Windows Kits\10\include\10.0.26100.0\um\imm.h
メモ: インクルード ファイル:     C:\Program Files (x86)\Windows Kits\10\include\10.0.26100.0\um\ime_cmodes.h
C:\Users\takag\InvaderGame\Game\src\player.cpp(93): error C2601: 'game::Player::loseLife': ローカル関数の定義が正しくありません。
C:\Users\takag\InvaderGame\Game\src\player.cpp(67): note: この行に含まれる '{' に対応するものがありません
C:\Users\takag\InvaderGame\Game\src\player.cpp(97): error C2601: 'game::Player::reset': ローカル関数の定義が正しくありません。
C:\Users\takag\InvaderGame\Game\src\player.cpp(67): note: この行に含まれる '{' に対応するものがありません
C:\Users\takag\InvaderGame\Game\src\player.cpp(107): error C2601: 'game::Player::isActive': ローカル関数の定義が正しくありません。
C:\Users\takag\InvaderGame\Game\src\player.cpp(67): note: この行に含まれる '{' に対応するものがありません
C:\Users\takag\InvaderGame\Game\src\player.cpp(113): error C2084: 関数 'bool game::Player::isActive(void) const' は既に本体を持っています。
C:\Users\takag\InvaderGame\Game\include\player.h(21): note: 'game::Player::isActive' の以前の定義を確認してください
C:\Users\takag\InvaderGame\Game\src\player.cpp(5): fatal error C1075: '{': 一致するトークンが見つかりませんでした
[2/3] Building CXX object CMakeFiles\InvaderGame.dir\Game\src\invader.cpp.obj
FAILED: CMakeFiles/InvaderGame.dir/Game/src/invader.cpp.obj 
C:\PROGRA~2\MICROS~2\18\BUILDT~1\VC\Tools\MSVC\1450~1.357\bin\Hostx86\x86\cl.exe  /nologo /TP  -IC:\Users\takag\InvaderGame\Game\include /DWIN32 /D_WINDOWS /EHsc /Zi /Ob0 /Od /RTC1 -std:c++17 -MDd /W4 /showIncludes /FoCMakeFiles\InvaderGame.dir\Game\src\invader.cpp.obj /FdCMakeFiles\InvaderGame.dir\ /FS -c C:\Users\takag\InvaderGame\Game\src\invader.cpp
C:\Users\takag\InvaderGame\Game\src\invader.cpp(1): warning C4819: ファイルは、現在のコード ページ (932) で表示できない文字を含んでいます。データの損失を防ぐために、ファイルを Unicode 形式で保存してください。
メモ: インクルード ファイル:  C:\Users\takag\InvaderGame\Game\include\invader.h
C:\Users\takag\InvaderGame\Game\include\invader.h(1): warning C4819: ファイルは、現在のコード ページ (932) で表示できない文字を含んでいます。データの損失を防ぐために、ファイルを Unicode 形式で保存してください。
メモ: インクルード ファイル:   C:\Users\takag\InvaderGame\Game\include\actor.h
C:\Users\takag\InvaderGame\Game\include\actor.h(1): warning C4819: ファイルは、現在のコード ページ (932) で表示できない文字を含んでいます。データの損失を防ぐために、ファイルを Unicode 形式で保存してください。
メモ: インクルード ファイル:    C:\Users\takag\InvaderGame\Game\include\../../Engine/include/ActorBase.h
C:\Users\takag\InvaderGame\Game\include\../../Engine/include/ActorBase.h(1): warning C4819: ファイルは、現在のコード ページ (932) で表示できない文字を含んでいます。データの損失を防ぐために、ファイルを Unicode 形式で保存してください。
メモ: インクルード ファイル:  C:\Users\takag\InvaderGame\Game\include\renderer.h
C:\Users\takag\InvaderGame\Game\include\renderer.h(1): warning C4819: ファイルは、現在のコード ページ (932) で表示できない文字を含んでいます。データの損失を防ぐために、ファイルを Unicode 形式で保存してください。
メモ: インクルード ファイル:   C:\Program Files (x86)\Windows Kits\10\include\10.0.26100.0\um\windows.h
メモ: インクルード ファイル:    C:\Program Files (x86)\Windows Kits\10\include\10.0.26100.0\shared\winapifamily.h
メモ: インクルード ファイル:     C:\Program Files (x86)\Windows Kits\10\include\10.0.26100.0\shared\winpackagefamily.h
メモ: インクルード ファイル:    C:\Program Files (x86)\Windows Kits\10\include\10.0.26100.0\shared\sdkddkver.h
メモ: インクルード ファイル:    C:\Program Files (x86)\Microsoft Visual Studio\18\BuildTools\VC\Tools\MSVC\14.50.35717\include\excpt.h
メモ: インクルード ファイル:     C:\Program Files (x86)\Microsoft Visual Studio\18\BuildTools\VC\Tools\MSVC\14.50.35717\include\vcruntime.h
メモ: インクルード ファイル:      C:\Program Files (x86)\Microsoft Visual Studio\18\BuildTools\VC\Tools\MSVC\14.50.35717\include\sal.h
メモ: インクルード ファイル:       C:\Program Files (x86)\Microsoft Visual Studio\18\BuildTools\VC\Tools\MSVC\14.50.35717\include\concurrencysal.h
メモ: インクルード ファイル:      C:\Program Files (x86)\Microsoft Visual Studio\18\BuildTools\VC\Tools\MSVC\14.50.35717\include\vadefs.h
メモ: インクルード ファイル:    C:\Program Files (x86)\Microsoft Visual Studio\18\BuildTools\VC\Tools\MSVC\14.50.35717\include\stdarg.h
メモ: インクルード ファイル:    C:\Program Files (x86)\Windows Kits\10\include\10.0.26100.0\shared\windef.h
メモ: インクルード ファイル:     C:\Program Files (x86)\Windows Kits\10\include\10.0.26100.0\shared\minwindef.h
メモ: インクルード ファイル:      C:\Program Files (x86)\Windows Kits\10\include\10.0.26100.0\shared\specstrings.h
メモ: インクルード ファイル:       C:\Program Files (x86)\Windows Kits\10\include\10.0.26100.0\shared\specstrings_strict.h
メモ: インクルード ファイル:        C:\Program Files (x86)\Windows Kits\10\include\10.0.26100.0\shared\specstrings_undef.h
メモ: インクルード ファイル:       C:\Program Files (x86)\Windows Kits\10\include\10.0.26100.0\shared\driverspecs.h
メモ: インクルード ファイル:        C:\Program Files (x86)\Windows Kits\10\include\10.0.26100.0\shared\sdv_driverspecs.h
メモ: インクルード ファイル:      C:\Program Files (x86)\Windows Kits\10\include\10.0.26100.0\um\winnt.h
メモ: インクルード ファイル:       C:\Program Files (x86)\Windows Kits\10\include\10.0.26100.0\ucrt\ctype.h
メモ: インクルード ファイル:        C:\Program Files (x86)\Windows Kits\10\include\10.0.26100.0\ucrt\corecrt.h
メモ: インクルード ファイル:        C:\Program Files (x86)\Windows Kits\10\include\10.0.26100.0\ucrt\corecrt_wctype.h
メモ: インクルード ファイル:       C:\Program Files (x86)\Windows Kits\10\include\10.0.26100.0\shared\kernelspecs.h
メモ: インクルード ファイル:       C:\Program Files (x86)\Windows Kits\10\include\10.0.26100.0\shared\basetsd.h
メモ: インクルード ファイル:       C:\Program Files (x86)\Windows Kits\10\include\10.0.26100.0\shared\guiddef.h
メモ: インクルード ファイル:        C:\Program Files (x86)\Windows Kits\10\include\10.0.26100.0\ucrt\string.h
メモ: インクルード ファイル:         C:\Program Files (x86)\Windows Kits\10\include\10.0.26100.0\ucrt\corecrt_memory.h
メモ: インクルード ファイル:          C:\Program Files (x86)\Windows Kits\10\include\10.0.26100.0\ucrt\corecrt_memcpy_s.h
メモ: インクルード ファイル:           C:\Program Files (x86)\Windows Kits\10\include\10.0.26100.0\ucrt\errno.h
メモ: インクルード ファイル:           C:\Program Files (x86)\Microsoft Visual Studio\18\BuildTools\VC\Tools\MSVC\14.50.35717\include\vcruntime_string.h
メモ: インクルード ファイル:         C:\Program Files (x86)\Windows Kits\10\include\10.0.26100.0\ucrt\corecrt_wstring.h
メモ: インクルード ファイル:       C:\Program Files (x86)\Windows Kits\10\include\10.0.26100.0\shared\pshpack4.h
メモ: インクルード ファイル:       C:\Program Files (x86)\Windows Kits\10\include\10.0.26100.0\shared\poppack.h
メモ: インクルード ファイル:       C:\Program Files (x86)\Windows Kits\10\include\10.0.26100.0\shared\pshpack4.h
メモ: インクルード ファイル:       C:\Program Files (x86)\Windows Kits\10\include\10.0.26100.0\shared\poppack.h
メモ: インクルード ファイル:       C:\Program Files (x86)\Windows Kits\10\include\10.0.26100.0\shared\pshpack4.h
メモ: インクルード ファイル:       C:\Program Files (x86)\Windows Kits\10\include\10.0.26100.0\shared\poppack.h
メモ: インクルード ファイル:       C:\Program Files (x86)\Windows Kits\10\include\10.0.26100.0\shared\pshpack4.h
メモ: インクルード ファイル:       C:\Program Files (x86)\Windows Kits\10\include\10.0.26100.0\shared\pshpack2.h
メモ: インクルード ファイル:       C:\Program Files (x86)\Windows Kits\10\include\10.0.26100.0\shared\poppack.h
メモ: インクルード ファイル:       C:\Program Files (x86)\Windows Kits\10\include\10.0.26100.0\shared\pshpack2.h
メモ: インクルード ファイル:       C:\Program Files (x86)\Windows Kits\10\include\10.0.26100.0\shared\pshpack2.h
メモ: インクルード ファイル:       C:\Program Files (x86)\Windows Kits\10\include\10.0.26100.0\shared\poppack.h
メモ: インクルード ファイル:       C:\Program Files (x86)\Windows Kits\10\include\10.0.26100.0\shared\poppack.h
メモ: インクルード ファイル:       C:\Program Files (x86)\Windows Kits\10\include\10.0.26100.0\shared\pshpack8.h
メモ: インクルード ファイル:       C:\Program Files (x86)\Windows Kits\10\include\10.0.26100.0\shared\poppack.h
メモ: インクルード ファイル:       C:\Program Files (x86)\Windows Kits\10\include\10.0.26100.0\shared\pshpack1.h
メモ: インクルード ファイル:       C:\Program Files (x86)\Windows Kits\10\include\10.0.26100.0\shared\poppack.h
メモ: インクルード ファイル:       C:\Program Files (x86)\Windows Kits\10\include\10.0.26100.0\shared\pshpack1.h
メモ: インクルード ファイル:       C:\Program Files (x86)\Windows Kits\10\include\10.0.26100.0\shared\poppack.h
メモ: インクルード ファイル:       C:\Program Files (x86)\Windows Kits\10\include\10.0.26100.0\shared\poppack.h
メモ: インクルード ファイル:       C:\Program Files (x86)\Windows Kits\10\include\10.0.26100.0\shared\apiset.h
メモ: インクルード ファイル:       C:\Program Files (x86)\Windows Kits\10\include\10.0.26100.0\shared\ktmtypes.h
メモ: インクルード ファイル:    C:\Program Files (x86)\Windows Kits\10\include\10.0.26100.0\um\winbase.h
メモ: インクルード ファイル:     C:\Program Files (x86)\Windows Kits\10\include\10.0.26100.0\shared\apisetcconv.h
メモ: インクルード ファイル:     C:\Program Files (x86)\Windows Kits\10\include\10.0.26100.0\um\minwinbase.h
メモ: インクルード ファイル:     C:\Program Files (x86)\Windows Kits\10\include\10.0.26100.0\um\apiquery2.h
メモ: インクルード ファイル:     C:\Program Files (x86)\Windows Kits\10\include\10.0.26100.0\um\processenv.h
メモ: インクルード ファイル:     C:\Program Files (x86)\Windows Kits\10\include\10.0.26100.0\um\fileapifromapp.h
メモ: インクルード ファイル:      C:\Program Files (x86)\Windows Kits\10\include\10.0.26100.0\um\fileapi.h
メモ: インクルード ファイル:     C:\Program Files (x86)\Windows Kits\10\include\10.0.26100.0\um\debugapi.h
メモ: インクルード ファイル:     C:\Program Files (x86)\Windows Kits\10\include\10.0.26100.0\um\utilapiset.h
メモ: インクルード ファイル:     C:\Program Files (x86)\Windows Kits\10\include\10.0.26100.0\um\handleapi.h
メモ: インクルード ファイル:     C:\Program Files (x86)\Windows Kits\10\include\10.0.26100.0\um\errhandlingapi.h
メモ: インクルード ファイル:     C:\Program Files (x86)\Windows Kits\10\include\10.0.26100.0\um\fibersapi.h
メモ: インクルード ファイル:     C:\Program Files (x86)\Windows Kits\10\include\10.0.26100.0\um\namedpipeapi.h
メモ: インクルード ファイル:     C:\Program Files (x86)\Windows Kits\10\include\10.0.26100.0\um\profileapi.h
メモ: インクルード ファイル:     C:\Program Files (x86)\Windows Kits\10\include\10.0.26100.0\um\heapapi.h
メモ: インクルード ファイル:     C:\Program Files (x86)\Windows Kits\10\include\10.0.26100.0\um\ioapiset.h
メモ: インクルード ファイル:     C:\Program Files (x86)\Windows Kits\10\include\10.0.26100.0\um\synchapi.h
メモ: インクルード ファイル:     C:\Program Files (x86)\Windows Kits\10\include\10.0.26100.0\um\interlockedapi.h
メモ: インクルード ファイル:     C:\Program Files (x86)\Windows Kits\10\include\10.0.26100.0\um\processthreadsapi.h
メモ: インクルード ファイル:     C:\Program Files (x86)\Windows Kits\10\include\10.0.26100.0\um\sysinfoapi.h
メモ: インクルード ファイル:     C:\Program Files (x86)\Windows Kits\10\include\10.0.26100.0\um\memoryapi.h
メモ: インクルード ファイル:     C:\Program Files (x86)\Windows Kits\10\include\10.0.26100.0\um\enclaveapi.h
メモ: インクルード ファイル:     C:\Program Files (x86)\Windows Kits\10\include\10.0.26100.0\um\threadpoollegacyapiset.h
メモ: インクルード ファイル:     C:\Program Files (x86)\Windows Kits\10\include\10.0.26100.0\um\threadpoolapiset.h
メモ: インクルード ファイル:     C:\Program Files (x86)\Windows Kits\10\include\10.0.26100.0\um\jobapi.h
メモ: インクルード ファイル:     C:\Program Files (x86)\Windows Kits\10\include\10.0.26100.0\um\jobapi2.h
メモ: インクルード ファイル:     C:\Program Files (x86)\Windows Kits\10\include\10.0.26100.0\um\wow64apiset.h
メモ: インクルード ファイル:     C:\Program Files (x86)\Windows Kits\10\include\10.0.26100.0\um\libloaderapi.h
メモ: インクルード ファイル:     C:\Program Files (x86)\Windows Kits\10\include\10.0.26100.0\um\securitybaseapi.h
メモ: インクルード ファイル:     C:\Program Files (x86)\Windows Kits\10\include\10.0.26100.0\um\namespaceapi.h
メモ: インクルード ファイル:     C:\Program Files (x86)\Windows Kits\10\include\10.0.26100.0\um\systemtopologyapi.h
メモ: インクルード ファイル:     C:\Program Files (x86)\Windows Kits\10\include\10.0.26100.0\um\processtopologyapi.h
メモ: インクルード ファイル:     C:\Program Files (x86)\Windows Kits\10\include\10.0.26100.0\um\securityappcontainer.h
メモ: インクルード ファイル:     C:\Program Files (x86)\Windows Kits\10\include\10.0.26100.0\um\realtimeapiset.h
メモ: インクルード ファイル:     C:\Program Files (x86)\Windows Kits\10\include\10.0.26100.0\shared\winerror.h
メモ: インクルード ファイル:     C:\Program Files (x86)\Windows Kits\10\include\10.0.26100.0\um\timezoneapi.h
メモ: インクルード ファイル:    C:\Program Files (x86)\Windows Kits\10\include\10.0.26100.0\um\wingdi.h
メモ: インクルード ファイル:     C:\Program Files (x86)\Windows Kits\10\include\10.0.26100.0\shared\pshpack1.h
メモ: インクルード ファイル:     C:\Program Files (x86)\Windows Kits\10\include\10.0.26100.0\shared\poppack.h
メモ: インクルード ファイル:     C:\Program Files (x86)\Windows Kits\10\include\10.0.26100.0\shared\pshpack2.h
メモ: インクルード ファイル:     C:\Program Files (x86)\Windows Kits\10\include\10.0.26100.0\shared\poppack.h
メモ: インクルード ファイル:     C:\Program Files (x86)\Windows Kits\10\include\10.0.26100.0\shared\pshpack2.h
メモ: インクルード ファイル:     C:\Program Files (x86)\Windows Kits\10\include\10.0.26100.0\shared\poppack.h
メモ: インクルード ファイル:     C:\Program Files (x86)\Windows Kits\10\include\10.0.26100.0\shared\pshpack4.h
メモ: インクルード ファイル:     C:\Program Files (x86)\Windows Kits\10\include\10.0.26100.0\shared\poppack.h
メモ: インクルード ファイル:     C:\Program Files (x86)\Windows Kits\10\include\10.0.26100.0\shared\pshpack4.h
メモ: インクルード ファイル:     C:\Program Files (x86)\Windows Kits\10\include\10.0.26100.0\shared\poppack.h
メモ: インクルード ファイル:    C:\Program Files (x86)\Windows Kits\10\include\10.0.26100.0\um\winuser.h
メモ: インクルード ファイル:     C:\Program Files (x86)\Windows Kits\10\include\10.0.26100.0\shared\pshpack2.h
メモ: インクルード ファイル:     C:\Program Files (x86)\Windows Kits\10\include\10.0.26100.0\shared\poppack.h
メモ: インクルード ファイル:     C:\Program Files (x86)\Windows Kits\10\include\10.0.26100.0\shared\tvout.h
メモ: インクルード ファイル:    C:\Program Files (x86)\Windows Kits\10\include\10.0.26100.0\um\winnls.h
メモ: インクルード ファイル:     C:\Program Files (x86)\Windows Kits\10\include\10.0.26100.0\um\datetimeapi.h
メモ: インクルード ファイル:     C:\Program Files (x86)\Windows Kits\10\include\10.0.26100.0\um\stringapiset.h
メモ: インクルード ファイル:      C:\Program Files (x86)\Windows Kits\10\include\10.0.26100.0\um\winnls.h
メモ: インクルード ファイル:    C:\Program Files (x86)\Windows Kits\10\include\10.0.26100.0\um\wincon.h
メモ: インクルード ファイル:     C:\Program Files (x86)\Windows Kits\10\include\10.0.26100.0\um\wincontypes.h
メモ: インクルード ファイル:     C:\Program Files (x86)\Windows Kits\10\include\10.0.26100.0\um\consoleapi.h
メモ: インクルード ファイル:     C:\Program Files (x86)\Windows Kits\10\include\10.0.26100.0\um\consoleapi2.h
メモ: インクルード ファイル:     C:\Program Files (x86)\Windows Kits\10\include\10.0.26100.0\um\consoleapi3.h
メモ: インクルード ファイル:    C:\Program Files (x86)\Windows Kits\10\include\10.0.26100.0\um\winver.h
メモ: インクルード ファイル:     C:\Program Files (x86)\Windows Kits\10\include\10.0.26100.0\um\verrsrc.h
メモ: インクルード ファイル:    C:\Program Files (x86)\Windows Kits\10\include\10.0.26100.0\um\winreg.h
メモ: インクルード ファイル:     C:\Program Files (x86)\Windows Kits\10\include\10.0.26100.0\um\reason.h
メモ: インクルード ファイル:    C:\Program Files (x86)\Windows Kits\10\include\10.0.26100.0\um\winnetwk.h
メモ: インクルード ファイル:     C:\Program Files (x86)\Windows Kits\10\include\10.0.26100.0\shared\wnnc.h
メモ: インクルード ファイル:    C:\Program Files (x86)\Windows Kits\10\include\10.0.26100.0\shared\cderr.h
メモ: インクルード ファイル:    C:\Program Files (x86)\Windows Kits\10\include\10.0.26100.0\um\dde.h
メモ: インクルード ファイル:    C:\Program Files (x86)\Windows Kits\10\include\10.0.26100.0\um\ddeml.h
メモ: インクルード ファイル:    C:\Program Files (x86)\Windows Kits\10\include\10.0.26100.0\um\dlgs.h
メモ: インクルード ファイル:    C:\Program Files (x86)\Windows Kits\10\include\10.0.26100.0\um\lzexpand.h
メモ: インクルード ファイル:    C:\Program Files (x86)\Windows Kits\10\include\10.0.26100.0\um\mmsystem.h
メモ: インクルード ファイル:     C:\Program Files (x86)\Windows Kits\10\include\10.0.26100.0\um\mmsyscom.h
メモ: インクルード ファイル:      C:\Program Files (x86)\Windows Kits\10\include\10.0.26100.0\shared\pshpack1.h
メモ: インクルード ファイル:      C:\Program Files (x86)\Windows Kits\10\include\10.0.26100.0\shared\poppack.h
メモ: インクルード ファイル:     C:\Program Files (x86)\Windows Kits\10\include\10.0.26100.0\shared\pshpack1.h
メモ: インクルード ファイル:     C:\Program Files (x86)\Windows Kits\10\include\10.0.26100.0\um\mciapi.h
メモ: インクルード ファイル:      C:\Program Files (x86)\Windows Kits\10\include\10.0.26100.0\um\mmsyscom.h
メモ: インクルード ファイル:     C:\Program Files (x86)\Windows Kits\10\include\10.0.26100.0\um\mmiscapi.h
メモ: インクルード ファイル:      C:\Program Files (x86)\Windows Kits\10\include\10.0.26100.0\um\mmsyscom.h
メモ: インクルード ファイル:     C:\Program Files (x86)\Windows Kits\10\include\10.0.26100.0\um\mmiscapi2.h
メモ: インクルード ファイル:      C:\Program Files (x86)\Windows Kits\10\include\10.0.26100.0\um\mmsyscom.h
メモ: インクルード ファイル:     C:\Program Files (x86)\Windows Kits\10\include\10.0.26100.0\um\playsoundapi.h
メモ: インクルード ファイル:      C:\Program Files (x86)\Windows Kits\10\include\10.0.26100.0\um\mmsyscom.h
メモ: インクルード ファイル:     C:\Program Files (x86)\Windows Kits\10\include\10.0.26100.0\um\mmeapi.h
メモ: インクルード ファイル:      C:\Program Files (x86)\Windows Kits\10\include\10.0.26100.0\um\mmsyscom.h
メモ: インクルード ファイル:     C:\Program Files (x86)\Windows Kits\10\include\10.0.26100.0\um\timeapi.h
メモ: インクルード ファイル:      C:\Program Files (x86)\Windows Kits\10\include\10.0.26100.0\um\mmsyscom.h
メモ: インクルード ファイル:     C:\Program Files (x86)\Windows Kits\10\include\10.0.26100.0\um\joystickapi.h
メモ: インクルード ファイル:      C:\Program Files (x86)\Windows Kits\10\include\10.0.26100.0\um\mmsyscom.h
メモ: インクルード ファイル:     C:\Program Files (x86)\Windows Kits\10\include\10.0.26100.0\shared\poppack.h
メモ: インクルード ファイル:    C:\Program Files (x86)\Windows Kits\10\include\10.0.26100.0\um\nb30.h
メモ: インクルード ファイル:    C:\Program Files (x86)\Windows Kits\10\include\10.0.26100.0\shared\rpc.h
メモ: インクルード ファイル:     C:\Program Files (x86)\Windows Kits\10\include\10.0.26100.0\shared\rpcdce.h
メモ: インクルード ファイル:      C:\Program Files (x86)\Windows Kits\10\include\10.0.26100.0\shared\rpcdcep.h
メモ: インクルード ファイル:     C:\Program Files (x86)\Windows Kits\10\include\10.0.26100.0\um\rpcnsi.h
メモ: インクルード ファイル:     C:\Program Files (x86)\Windows Kits\10\include\10.0.26100.0\shared\rpcnterr.h
メモ: インクルード ファイル:     C:\Program Files (x86)\Windows Kits\10\include\10.0.26100.0\shared\rpcasync.h
メモ: インクルード ファイル:    C:\Program Files (x86)\Windows Kits\10\include\10.0.26100.0\um\shellapi.h
メモ: インクルード ファイル:     C:\Program Files (x86)\Windows Kits\10\include\10.0.26100.0\shared\pshpack1.h
メモ: インクルード ファイル:     C:\Program Files (x86)\Windows Kits\10\include\10.0.26100.0\shared\poppack.h
メモ: インクルード ファイル:    C:\Program Files (x86)\Windows Kits\10\include\10.0.26100.0\um\winperf.h
メモ: インクルード ファイル:     C:\Program Files (x86)\Windows Kits\10\include\10.0.26100.0\shared\pshpack8.h
メモ: インクルード ファイル:     C:\Program Files (x86)\Windows Kits\10\include\10.0.26100.0\shared\poppack.h
メモ: インクルード ファイル:    C:\Program Files (x86)\Windows Kits\10\include\10.0.26100.0\um\winsock.h
メモ: インクルード ファイル:     C:\Program Files (x86)\Windows Kits\10\include\10.0.26100.0\shared\inaddr.h
メモ: インクルード ファイル:    C:\Program Files (x86)\Windows Kits\10\include\10.0.26100.0\um\wincrypt.h
メモ: インクルード ファイル:     C:\Program Files (x86)\Windows Kits\10\include\10.0.26100.0\shared\bcrypt.h
メモ: インクルード ファイル:     C:\Program Files (x86)\Windows Kits\10\include\10.0.26100.0\um\ncrypt.h
メモ: インクルード ファイル:     C:\Program Files (x86)\Windows Kits\10\include\10.0.26100.0\um\dpapi.h
メモ: インクルード ファイル:    C:\Program Files (x86)\Windows Kits\10\include\10.0.26100.0\um\winefs.h
メモ: インクルード ファイル:    C:\Program Files (x86)\Windows Kits\10\include\10.0.26100.0\um\winscard.h
メモ: インクルード ファイル:     C:\Program Files (x86)\Windows Kits\10\include\10.0.26100.0\shared\wtypes.h
メモ: インクルード ファイル:      C:\Program Files (x86)\Windows Kits\10\include\10.0.26100.0\shared\rpcndr.h
メモ: インクルード ファイル:       C:\Program Files (x86)\Windows Kits\10\include\10.0.26100.0\shared\pshpack8.h
メモ: インクルード ファイル:       C:\Program Files (x86)\Windows Kits\10\include\10.0.26100.0\um\rpcnsip.h
メモ: インクルード ファイル:       C:\Program Files (x86)\Windows Kits\10\include\10.0.26100.0\shared\rpcsal.h
メモ: インクルード ファイル:       C:\Program Files (x86)\Windows Kits\10\include\10.0.26100.0\shared\poppack.h
メモ: インクルード ファイル:      C:\Program Files (x86)\Windows Kits\10\include\10.0.26100.0\shared\wtypesbase.h
メモ: インクルード ファイル:       C:\Program Files (x86)\Windows Kits\10\include\10.0.26100.0\shared\guiddef.h
メモ: インクルード ファイル:     C:\Program Files (x86)\Windows Kits\10\include\10.0.26100.0\um\winioctl.h
メモ: インクルード ファイル:      C:\Program Files (x86)\Windows Kits\10\include\10.0.26100.0\shared\pshpack1.h
メモ: インクルード ファイル:      C:\Program Files (x86)\Windows Kits\10\include\10.0.26100.0\shared\poppack.h
メモ: インクルード ファイル:      C:\Program Files (x86)\Windows Kits\10\include\10.0.26100.0\shared\pshpack1.h
メモ: インクルード ファイル:      C:\Program Files (x86)\Windows Kits\10\include\10.0.26100.0\shared\poppack.h
メモ: インクルード ファイル:      C:\Program Files (x86)\Windows Kits\10\include\10.0.26100.0\shared\pshpack1.h
メモ: インクルード ファイル:      C:\Program Files (x86)\Windows Kits\10\include\10.0.26100.0\shared\poppack.h
メモ: インクルード ファイル:      C:\Program Files (x86)\Windows Kits\10\include\10.0.26100.0\shared\pshpack1.h
メモ: インクルード ファイル:      C:\Program Files (x86)\Windows Kits\10\include\10.0.26100.0\shared\poppack.h
メモ: インクルード ファイル:      C:\Program Files (x86)\Windows Kits\10\include\10.0.26100.0\shared\pshpack1.h
メモ: インクルード ファイル:      C:\Program Files (x86)\Windows Kits\10\include\10.0.26100.0\shared\poppack.h
メモ: インクルード ファイル:      C:\Program Files (x86)\Windows Kits\10\include\10.0.26100.0\shared\pshpack1.h
メモ: インクルード ファイル:      C:\Program Files (x86)\Windows Kits\10\include\10.0.26100.0\shared\poppack.h
メモ: インクルード ファイル:      C:\Program Files (x86)\Windows Kits\10\include\10.0.26100.0\shared\pshpack1.h
メモ: インクルード ファイル:      C:\Program Files (x86)\Windows Kits\10\include\10.0.26100.0\shared\poppack.h
メモ: インクルード ファイル:     C:\Program Files (x86)\Windows Kits\10\include\10.0.26100.0\shared\winsmcrd.h
メモ: インクルード ファイル:    C:\Program Files (x86)\Windows Kits\10\include\10.0.26100.0\um\winspool.h
メモ: インクルード ファイル:     C:\Program Files (x86)\Windows Kits\10\include\10.0.26100.0\um\prsht.h
メモ: インクルード ファイル:      C:\Program Files (x86)\Windows Kits\10\include\10.0.26100.0\shared\pshpack4.h
メモ: インクルード ファイル:      C:\Program Files (x86)\Windows Kits\10\include\10.0.26100.0\shared\poppack.h
メモ: インクルード ファイル:    C:\Program Files (x86)\Windows Kits\10\include\10.0.26100.0\um\ole2.h
メモ: インクルード ファイル:     C:\Program Files (x86)\Windows Kits\10\include\10.0.26100.0\shared\pshpack8.h
メモ: インクルード ファイル:     C:\Program Files (x86)\Windows Kits\10\include\10.0.26100.0\um\objbase.h
メモ: インクルード ファイル:      C:\Program Files (x86)\Windows Kits\10\include\10.0.26100.0\shared\pshpack8.h
メモ: インクルード ファイル:      C:\Program Files (x86)\Windows Kits\10\include\10.0.26100.0\um\combaseapi.h
メモ: インクルード ファイル:       C:\Program Files (x86)\Windows Kits\10\include\10.0.26100.0\shared\pshpack8.h
メモ: インクルード ファイル:       C:\Program Files (x86)\Windows Kits\10\include\10.0.26100.0\ucrt\stdlib.h
メモ: インクルード ファイル:        C:\Program Files (x86)\Windows Kits\10\include\10.0.26100.0\ucrt\corecrt_malloc.h
メモ: インクルード ファイル:        C:\Program Files (x86)\Windows Kits\10\include\10.0.26100.0\ucrt\corecrt_search.h
メモ: インクルード ファイル:         C:\Program Files (x86)\Windows Kits\10\include\10.0.26100.0\ucrt\stddef.h
メモ: インクルード ファイル:        C:\Program Files (x86)\Windows Kits\10\include\10.0.26100.0\ucrt\corecrt_wstdlib.h
メモ: インクルード ファイル:        C:\Program Files (x86)\Microsoft Visual Studio\18\BuildTools\VC\Tools\MSVC\14.50.35717\include\limits.h
メモ: インクルード ファイル:       C:\Program Files (x86)\Windows Kits\10\include\10.0.26100.0\um\unknwnbase.h
メモ: インクルード ファイル:       C:\Program Files (x86)\Windows Kits\10\include\10.0.26100.0\um\objidlbase.h
メモ: インクルード ファイル:       C:\Program Files (x86)\Windows Kits\10\include\10.0.26100.0\shared\guiddef.h
メモ: インクルード ファイル:       C:\Program Files (x86)\Windows Kits\10\include\10.0.26100.0\um\cguid.h
メモ: インクルード ファイル:       C:\Program Files (x86)\Windows Kits\10\include\10.0.26100.0\shared\poppack.h
メモ: インクルード ファイル:      C:\Program Files (x86)\Windows Kits\10\include\10.0.26100.0\um\coml2api.h
メモ: インクルード ファイル:       C:\Program Files (x86)\Windows Kits\10\include\10.0.26100.0\um\objidl.h
メモ: インクルード ファイル:        C:\Program Files (x86)\Windows Kits\10\include\10.0.26100.0\um\unknwn.h
メモ: インクルード ファイル:       C:\Program Files (x86)\Windows Kits\10\include\10.0.26100.0\um\propidlbase.h
メモ: インクルード ファイル:        C:\Program Files (x86)\Windows Kits\10\include\10.0.26100.0\um\oaidl.h
メモ: インクルード ファイル:      C:\Program Files (x86)\Windows Kits\10\include\10.0.26100.0\um\urlmon.h
メモ: インクルード ファイル:       C:\Program Files (x86)\Windows Kits\10\include\10.0.26100.0\um\oleidl.h
メモ: インクルード ファイル:       C:\Program Files (x86)\Windows Kits\10\include\10.0.26100.0\um\servprov.h
メモ: インクルード ファイル:       C:\Program Files (x86)\Windows Kits\10\include\10.0.26100.0\um\msxml.h
メモ: インクルード ファイル:      C:\Program Files (x86)\Windows Kits\10\include\10.0.26100.0\um\propidl.h
メモ: インクルード ファイル:      C:\Program Files (x86)\Windows Kits\10\include\10.0.26100.0\shared\poppack.h
メモ: インクルード ファイル:     C:\Program Files (x86)\Windows Kits\10\include\10.0.26100.0\um\oleauto.h
メモ: インクルード ファイル:      C:\Program Files (x86)\Windows Kits\10\include\10.0.26100.0\shared\pshpack8.h
メモ: インクルード ファイル:      C:\Program Files (x86)\Windows Kits\10\include\10.0.26100.0\shared\poppack.h
メモ: インクルード ファイル:     C:\Program Files (x86)\Windows Kits\10\include\10.0.26100.0\shared\poppack.h
メモ: インクルード ファイル:    C:\Program Files (x86)\Windows Kits\10\include\10.0.26100.0\um\commdlg.h
メモ: インクルード ファイル:     C:\Program Files (x86)\Windows Kits\10\include\10.0.26100.0\um\prsht.h
メモ: インクルード ファイル:     C:\Program Files (x86)\Windows Kits\10\include\10.0.26100.0\shared\pshpack1.h
メモ: インクルード ファイル:     C:\Program Files (x86)\Windows Kits\10\include\10.0.26100.0\shared\poppack.h
メモ: インクルード ファイル:    C:\Program Files (x86)\Windows Kits\10\include\10.0.26100.0\shared\stralign.h
メモ: インクルード ファイル:    C:\Program Files (x86)\Windows Kits\10\include\10.0.26100.0\um\winsvc.h
メモ: インクルード ファイル:    C:\Program Files (x86)\Windows Kits\10\include\10.0.26100.0\um\mcx.h
メモ: インクルード ファイル:    C:\Program Files (x86)\Windows Kits\10\include\10.0.26100.0\um\imm.h
メモ: インクルード ファイル:     C:\Program Files (x86)\Windows Kits\10\include\10.0.26100.0\um\ime_cmodes.h
C:\Users\takag\InvaderGame\Game\src\invader.cpp(101): error C2653: 'Invader': 識別子がクラス名でも名前空間名でもありません。
C:\Users\takag\InvaderGame\Game\src\invader.cpp(103): error C2065: 'spawnFrame_': 定義されていない識別子です。
C:\Users\takag\InvaderGame\Game\src\invader.cpp(103): error C2065: 'SPAWN_FRAMES': 定義されていない識別子です。
C:\Users\takag\InvaderGame\Game\src\invader.cpp(104): error C2065: 'spawnFrame_': 定義されていない識別子です。
C:\Users\takag\InvaderGame\Game\src\invader.cpp(105): error C2065: 'spawnFrame_': 定義されていない識別子です。
C:\Users\takag\InvaderGame\Game\src\invader.cpp(105): error C2065: 'SPAWN_FRAMES': 定義されていない識別子です。
C:\Users\takag\InvaderGame\Game\src\invader.cpp(106): error C2065: 'alive_': 定義されていない識別子です。
C:\Users\takag\InvaderGame\Game\src\invader.cpp(111): error C2065: 'deathTimer_': 定義されていない識別子です。
C:\Users\takag\InvaderGame\Game\src\invader.cpp(111): error C2065: 'deathTimer_': 定義されていない識別子です。
C:\Users\takag\InvaderGame\Game\src\invader.cpp(114): error C2653: 'Invader': 識別子がクラス名でも名前空間名でもありません。
C:\Users\takag\InvaderGame\Game\src\invader.cpp(115): error C2065: 'alive_': 定義されていない識別子です。
C:\Users\takag\InvaderGame\Game\src\invader.cpp(116): error C2065: 'deathTimer_': 定義されていない識別子です。
C:\Users\takag\InvaderGame\Game\src\invader.cpp(116): error C2065: 'DEATH_FRAMES': 定義されていない識別子です。
C:\Users\takag\InvaderGame\Game\src\invader.cpp(119): error C2653: 'Invader': 識別子がクラス名でも名前空間名でもありません。
C:\Users\takag\InvaderGame\Game\src\invader.cpp(120): error C2065: 'x_': 定義されていない識別子です。
C:\Users\takag\InvaderGame\Game\src\invader.cpp(121): error C2065: 'y_': 定義されていない識別子です。
C:\Users\takag\InvaderGame\Game\src\invader.cpp(124): error C2653: 'Invader': 識別子がクラス名でも名前空間名でもありません。
C:\Users\takag\InvaderGame\Game\src\invader.cpp(125): error C2065: 'spawnFrame_': 定義されていない識別子です。
C:\Users\takag\InvaderGame\Game\src\invader.cpp(126): error C2065: 'alive_': 定義されていない識別子です。
C:\Users\takag\InvaderGame\Game\src\invader.cpp(127): error C2065: 'deathTimer_': 定義されていない識別子です。
C:\Users\takag\InvaderGame\Game\src\invader.cpp(130): error C2653: 'Invader': 識別子がクラス名でも名前空間名でもありません。
C:\Users\takag\InvaderGame\Game\src\invader.cpp(130): error C2270: 'scoreValue': メンバーでない関数が、メモリ モデル修飾子を伴って宣言されています。
C:\Users\takag\InvaderGame\Game\src\invader.cpp(131): error C2065: 'row_': 定義されていない識別子です。
C:\Users\takag\InvaderGame\Game\src\invader.cpp(131): error C2050: switch 式の結果は、整数値になりませんでした。
C:\Users\takag\InvaderGame\Game\src\invader.cpp(142): error C2653: 'Invader': 識別子がクラス名でも名前空間名でもありません。
C:\Users\takag\InvaderGame\Game\src\invader.cpp(142): error C2270: 'render': メンバーでない関数が、メモリ モデル修飾子を伴って宣言されています。
C:\Users\takag\InvaderGame\Game\src\invader.cpp(144): error C2065: 'spawnFrame_': 定義されていない識別子です。
C:\Users\takag\InvaderGame\Game\src\invader.cpp(144): error C2065: 'SPAWN_FRAMES': 定義されていない識別子です。
C:\Users\takag\InvaderGame\Game\src\invader.cpp(146): error C2065: 'spawnFrame_': 定義されていない識別子です。
C:\Users\takag\InvaderGame\Game\src\invader.cpp(146): error C7732: ']' の前に式が必要です
C:\Users\takag\InvaderGame\Game\src\invader.cpp(147): error C2027: 認識できない型 'Renderer' が使われています。
C:\Users\takag\InvaderGame\Game\include\invader.h(5): note: 'Renderer' の宣言を確認してください
C:\Users\takag\InvaderGame\Game\src\invader.cpp(147): error C2065: 'x_': 定義されていない識別子です。
C:\Users\takag\InvaderGame\Game\src\invader.cpp(147): error C2065: 'y_': 定義されていない識別子です。
C:\Users\takag\InvaderGame\Game\src\invader.cpp(148): error C2027: 認識できない型 'Renderer' が使われています。
C:\Users\takag\InvaderGame\Game\include\invader.h(5): note: 'Renderer' の宣言を確認してください
C:\Users\takag\InvaderGame\Game\src\invader.cpp(148): error C2065: 'x_': 定義されていない識別子です。
C:\Users\takag\InvaderGame\Game\src\invader.cpp(148): error C2065: 'y_': 定義されていない識別子です。
C:\Users\takag\InvaderGame\Game\src\invader.cpp(149): error C2027: 認識できない型 'Renderer' が使われています。
C:\Users\takag\InvaderGame\Game\include\invader.h(5): note: 'Renderer' の宣言を確認してください
C:\Users\takag\InvaderGame\Game\src\invader.cpp(149): error C2065: 'x_': 定義されていない識別子です。
C:\Users\takag\InvaderGame\Game\src\invader.cpp(149): error C2065: 'y_': 定義されていない識別子です。
C:\Users\takag\InvaderGame\Game\src\invader.cpp(150): error C2027: 認識できない型 'Renderer' が使われています。
C:\Users\takag\InvaderGame\Game\include\invader.h(5): note: 'Renderer' の宣言を確認してください
C:\Users\takag\InvaderGame\Game\src\invader.cpp(150): error C2065: 'x_': 定義されていない識別子です。
C:\Users\takag\InvaderGame\Game\src\invader.cpp(150): error C2065: 'y_': 定義されていない識別子です。
C:\Users\takag\InvaderGame\Game\src\invader.cpp(154): error C2065: 'alive_': 定義されていない識別子です。
C:\Users\takag\InvaderGame\Game\src\invader.cpp(157): error C2027: 認識できない型 'Renderer' が使われています。
C:\Users\takag\InvaderGame\Game\include\invader.h(5): note: 'Renderer' の宣言を確認してください
C:\Users\takag\InvaderGame\Game\src\invader.cpp(157): error C2065: 'x_': 定義されていない識別子です。
C:\Users\takag\InvaderGame\Game\src\invader.cpp(157): error C2065: 'y_': 定義されていない識別子です。
C:\Users\takag\InvaderGame\Game\src\invader.cpp(158): error C2027: 認識できない型 'Renderer' が使われています。
C:\Users\takag\InvaderGame\Game\include\invader.h(5): note: 'Renderer' の宣言を確認してください
C:\Users\takag\InvaderGame\Game\src\invader.cpp(158): error C2065: 'x_': 定義されていない識別子です。
C:\Users\takag\InvaderGame\Game\src\invader.cpp(158): error C2065: 'y_': 定義されていない識別子です。
C:\Users\takag\InvaderGame\Game\src\invader.cpp(159): error C2027: 認識できない型 'Renderer' が使われています。
C:\Users\takag\InvaderGame\Game\include\invader.h(5): note: 'Renderer' の宣言を確認してください
C:\Users\takag\InvaderGame\Game\src\invader.cpp(159): error C2065: 'x_': 定義されていない識別子です。
C:\Users\takag\InvaderGame\Game\src\invader.cpp(159): error C2065: 'y_': 定義されていない識別子です。
C:\Users\takag\InvaderGame\Game\src\invader.cpp(161): error C2027: 認識できない型 'Renderer' が使われています。
C:\Users\takag\InvaderGame\Game\include\invader.h(5): note: 'Renderer' の宣言を確認してください
C:\Users\takag\InvaderGame\Game\src\invader.cpp(161): error C2065: 'x_': 定義されていない識別子です。
C:\Users\takag\InvaderGame\Game\src\invader.cpp(161): error C2065: 'y_': 定義されていない識別子です。
C:\Users\takag\InvaderGame\Game\src\invader.cpp(165): error C2065: 'deathTimer_': 定義されていない識別子です。
C:\Users\takag\InvaderGame\Game\src\invader.cpp(165): error C2065: 'DEATH_FRAMES': 定義されていない識別子です。
C:\Users\takag\InvaderGame\Game\src\invader.cpp(166): error C2027: 認識できない型 'Renderer' が使われています。
C:\Users\takag\InvaderGame\Game\include\invader.h(5): note: 'Renderer' の宣言を確認してください
C:\Users\takag\InvaderGame\Game\src\invader.cpp(166): error C2065: 'x_': 定義されていない識別子です。
C:\Users\takag\InvaderGame\Game\src\invader.cpp(166): error C2065: 'y_': 定義されていない識別子です。
C:\Users\takag\InvaderGame\Game\src\invader.cpp(167): error C2027: 認識できない型 'Renderer' が使われています。
C:\Users\takag\InvaderGame\Game\include\invader.h(5): note: 'Renderer' の宣言を確認してください
C:\Users\takag\InvaderGame\Game\src\invader.cpp(167): error C2065: 'x_': 定義されていない識別子です。
C:\Users\takag\InvaderGame\Game\src\invader.cpp(167): error C2065: 'y_': 定義されていない識別子です。
C:\Users\takag\InvaderGame\Game\src\invader.cpp(168): error C2027: 認識できない型 'Renderer' が使われています。
C:\Users\takag\InvaderGame\Game\include\invader.h(5): note: 'Renderer' の宣言を確認してください
C:\Users\takag\InvaderGame\Game\src\invader.cpp(168): error C2065: 'x_': 定義されていない識別子です。
C:\Users\takag\InvaderGame\Game\src\invader.cpp(168): error C2065: 'y_': 定義されていない識別子です。
C:\Users\takag\InvaderGame\Game\src\invader.cpp(169): error C2027: 認識できない型 'Renderer' が使われています。
C:\Users\takag\InvaderGame\Game\include\invader.h(5): note: 'Renderer' の宣言を確認してください
C:\Users\takag\InvaderGame\Game\src\invader.cpp(169): error C2065: 'x_': 定義されていない識別子です。
C:\Users\takag\InvaderGame\Game\src\invader.cpp(169): error C2065: 'y_': 定義されていない識別子です。
C:\Users\takag\InvaderGame\Game\src\invader.cpp(170): error C2065: 'deathTimer_': 定義されていない識別子です。
C:\Users\takag\InvaderGame\Game\src\invader.cpp(170): error C2065: 'DEATH_FRAMES': 定義されていない識別子です。
C:\Users\takag\InvaderGame\Game\src\invader.cpp(171): error C2027: 認識できない型 'Renderer' が使われています。
C:\Users\takag\InvaderGame\Game\include\invader.h(5): note: 'Renderer' の宣言を確認してください
C:\Users\takag\InvaderGame\Game\src\invader.cpp(171): error C2065: 'x_': 定義されていない識別子です。
C:\Users\takag\InvaderGame\Game\src\invader.cpp(171): error C2065: 'y_': 定義されていない識別子です。
C:\Users\takag\InvaderGame\Game\src\invader.cpp(172): error C2027: 認識できない型 'Renderer' が使われています。
C:\Users\takag\InvaderGame\Game\include\invader.h(5): note: 'Renderer' の宣言を確認してください
C:\Users\takag\InvaderGame\Game\src\invader.cpp(172): error C2065: 'x_': 定義されていない識別子です。
C:\Users\takag\InvaderGame\Game\src\invader.cpp(172): error C2065: 'y_': 定義されていない識別子です。
C:\Users\takag\InvaderGame\Game\src\invader.cpp(173): error C2027: 認識できない型 'Renderer' が使われています。
C:\Users\takag\InvaderGame\Game\include\invader.h(5): note: 'Renderer' の宣言を確認してください
C:\Users\takag\InvaderGame\Game\src\invader.cpp(173): error C2065: 'x_': 定義されていない識別子です。
C:\Users\takag\InvaderGame\Game\src\invader.cpp(173): error C2065: 'y_': 定義されていない識別子です。
C:\Users\takag\InvaderGame\Game\src\invader.cpp(174): error C2027: 認識できない型 'Renderer' が使われています。
C:\Users\takag\InvaderGame\Game\include\invader.h(5): note: 'Renderer' の宣言を確認してください
C:\Users\takag\InvaderGame\Game\src\invader.cpp(174): error C2065: 'x_': 定義されていない識別子です。
C:\Users\takag\InvaderGame\Game\src\invader.cpp(174): error C2065: 'y_': 定義されていない識別子です。
C:\Users\takag\InvaderGame\Game\src\invader.cpp(175): error C2065: 'deathTimer_': 定義されていない識別子です。
C:\Users\takag\InvaderGame\Game\src\invader.cpp(176): error C2027: 認識できない型 'Renderer' が使われています。
C:\Users\takag\InvaderGame\Game\include\invader.h(5): note: 'Renderer' の宣言を確認してください
C:\Users\takag\InvaderGame\Game\src\invader.cpp(176): error C2065: 'x_': 定義されていない識別子です。
C:\Users\takag\InvaderGame\Game\src\invader.cpp(176): error C2065: 'y_': 定義されていない識別子です。
C:\Users\takag\InvaderGame\Game\src\invader.cpp(177): error C2027: 認識できない型 'Renderer' が使われています。
C:\Users\takag\InvaderGame\Game\include\invader.h(5): note: 'Renderer' の宣言を確認してください
C:\Users\takag\InvaderGame\Game\src\invader.cpp(177): error C2065: 'x_': 定義されていない識別子です。
C:\Users\takag\InvaderGame\Game\src\invader.cpp(177): error C2065: 'y_': 定義されていない識別子です。
C:\Users\takag\InvaderGame\Game\src\invader.cpp(178): error C2027: 認識できない型 'Renderer' が使われています。
C:\Users\takag\InvaderGame\Game\include\invader.h(5): note: 'Renderer' の宣言を確認してください
C:\Users\takag\InvaderGame\Game\src\invader.cpp(178): error C2065: 'x_': 定義されていない識別子です。
C:\Users\takag\InvaderGame\Game\src\invader.cpp(178): error C2065: 'y_': 定義されていない識別子です。
C:\Users\takag\InvaderGame\Game\src\invader.cpp(179): error C2027: 認識できない型 'Renderer' が使われています。
C:\Users\takag\InvaderGame\Game\include\invader.h(5): note: 'Renderer' の宣言を確認してください
C:\Users\takag\InvaderGame\Game\src\invader.cpp(179): error C2065: 'x_': 定義されていない識別子です。
C:\Users\takag\InvaderGame\Game\src\invader.cpp(179): error C2065: 'y_': 定義されていない識別子です。
ninja: build stopped: subcommand failed.
